<?xml version="1.0" encoding="UTF-8"?>
<testsuite xmlns:xsi="http://www.w3.org/2001/XMLSchema-instance" xsi:noNamespaceSchemaLocation="https://maven.apache.org/surefire/maven-surefire-plugin/xsd/surefire-test-report.xsd" name="com.vodafone.azuremigration.migration.AzureServicesApplicationTests" time="14.129" tests="1" errors="0" skipped="0" failures="0">
  <properties>
    <property name="sun.desktop" value="windows"/>
    <property name="awt.toolkit" value="sun.awt.windows.WToolkit"/>
    <property name="file.encoding.pkg" value="sun.io"/>
    <property name="java.specification.version" value="1.8"/>
    <property name="sun.cpu.isalist" value="amd64"/>
    <property name="sun.jnu.encoding" value="Cp1252"/>
    <property name="java.class.path" value="C:\Users\PRABHASH\Desktop\OUTPUT\Azure-Services-master\target\test-classes;C:\Users\PRABHASH\Desktop\OUTPUT\Azure-Services-master\target\classes;C:\Users\PRABHASH\.m2\repository\org\springframework\boot\spring-boot-starter-web\2.2.6.RELEASE\spring-boot-starter-web-2.2.6.RELEASE.jar;C:\Users\PRABHASH\.m2\repository\org\springframework\boot\spring-boot-starter\2.2.6.RELEASE\spring-boot-starter-2.2.6.RELEASE.jar;C:\Users\PRABHASH\.m2\repository\org\springframework\boot\spring-boot-starter-logging\2.2.6.RELEASE\spring-boot-starter-logging-2.2.6.RELEASE.jar;C:\Users\PRABHASH\.m2\repository\ch\qos\logback\logback-classic\1.2.3\logback-classic-1.2.3.jar;C:\Users\PRABHASH\.m2\repository\ch\qos\logback\logback-core\1.2.3\logback-core-1.2.3.jar;C:\Users\PRABHASH\.m2\repository\org\apache\logging\log4j\log4j-to-slf4j\2.12.1\log4j-to-slf4j-2.12.1.jar;C:\Users\PRABHASH\.m2\repository\org\apache\logging\log4j\log4j-api\2.12.1\log4j-api-2.12.1.jar;C:\Users\PRABHASH\.m2\repository\org\slf4j\jul-to-slf4j\1.7.30\jul-to-slf4j-1.7.30.jar;C:\Users\PRABHASH\.m2\repository\jakarta\annotation\jakarta.annotation-api\1.3.5\jakarta.annotation-api-1.3.5.jar;C:\Users\PRABHASH\.m2\repository\org\yaml\snakeyaml\1.25\snakeyaml-1.25.jar;C:\Users\PRABHASH\.m2\repository\org\springframework\boot\spring-boot-starter-json\2.2.6.RELEASE\spring-boot-starter-json-2.2.6.RELEASE.jar;C:\Users\PRABHASH\.m2\repository\com\fasterxml\jackson\datatype\jackson-datatype-jdk8\2.10.3\jackson-datatype-jdk8-2.10.3.jar;C:\Users\PRABHASH\.m2\repository\com\fasterxml\jackson\datatype\jackson-datatype-jsr310\2.10.3\jackson-datatype-jsr310-2.10.3.jar;C:\Users\PRABHASH\.m2\repository\com\fasterxml\jackson\module\jackson-module-parameter-names\2.10.3\jackson-module-parameter-names-2.10.3.jar;C:\Users\PRABHASH\.m2\repository\org\springframework\boot\spring-boot-starter-tomcat\2.2.6.RELEASE\spring-boot-starter-tomcat-2.2.6.RELEASE.jar;C:\Users\PRABHASH\.m2\repository\org\apache\tomcat\embed\tomcat-embed-core\9.0.33\tomcat-embed-core-9.0.33.jar;C:\Users\PRABHASH\.m2\repository\org\apache\tomcat\embed\tomcat-embed-el\9.0.33\tomcat-embed-el-9.0.33.jar;C:\Users\PRABHASH\.m2\repository\org\apache\tomcat\embed\tomcat-embed-websocket\9.0.33\tomcat-embed-websocket-9.0.33.jar;C:\Users\PRABHASH\.m2\repository\org\springframework\boot\spring-boot-starter-validation\2.2.6.RELEASE\spring-boot-starter-validation-2.2.6.RELEASE.jar;C:\Users\PRABHASH\.m2\repository\jakarta\validation\jakarta.validation-api\2.0.2\jakarta.validation-api-2.0.2.jar;C:\Users\PRABHASH\.m2\repository\org\hibernate\validator\hibernate-validator\6.0.18.Final\hibernate-validator-6.0.18.Final.jar;C:\Users\PRABHASH\.m2\repository\org\jboss\logging\jboss-logging\3.4.1.Final\jboss-logging-3.4.1.Final.jar;C:\Users\PRABHASH\.m2\repository\com\fasterxml\classmate\1.5.1\classmate-1.5.1.jar;C:\Users\PRABHASH\.m2\repository\org\springframework\spring-web\5.2.5.RELEASE\spring-web-5.2.5.RELEASE.jar;C:\Users\PRABHASH\.m2\repository\org\springframework\spring-beans\5.2.5.RELEASE\spring-beans-5.2.5.RELEASE.jar;C:\Users\PRABHASH\.m2\repository\org\springframework\spring-webmvc\5.2.5.RELEASE\spring-webmvc-5.2.5.RELEASE.jar;C:\Users\PRABHASH\.m2\repository\org\springframework\spring-aop\5.2.5.RELEASE\spring-aop-5.2.5.RELEASE.jar;C:\Users\PRABHASH\.m2\repository\org\springframework\spring-context\5.2.5.RELEASE\spring-context-5.2.5.RELEASE.jar;C:\Users\PRABHASH\.m2\repository\org\springframework\spring-expression\5.2.5.RELEASE\spring-expression-5.2.5.RELEASE.jar;C:\Users\PRABHASH\.m2\repository\org\apache\httpcomponents\httpclient\4.5.12\httpclient-4.5.12.jar;C:\Users\PRABHASH\.m2\repository\org\apache\httpcomponents\httpcore\4.4.13\httpcore-4.4.13.jar;C:\Users\PRABHASH\.m2\repository\commons-codec\commons-codec\1.13\commons-codec-1.13.jar;C:\Users\PRABHASH\.m2\repository\com\microsoft\azure\azure\1.33.0\azure-1.33.0.jar;C:\Users\PRABHASH\.m2\repository\com\microsoft\azure\azure-client-runtime\1.7.0\azure-client-runtime-1.7.0.jar;C:\Users\PRABHASH\.m2\repository\com\microsoft\azure\azure-client-authentication\1.6.13\azure-client-authentication-1.6.13.jar;C:\Users\PRABHASH\.m2\repository\com\microsoft\azure\adal4j\1.6.4\adal4j-1.6.4.jar;C:\Users\PRABHASH\.m2\repository\com\microsoft\azure\azure-annotations\1.7.0\azure-annotations-1.7.0.jar;C:\Users\PRABHASH\.m2\repository\com\microsoft\azure\azure-mgmt-resources\1.33.0\azure-mgmt-resources-1.33.0.jar;C:\Users\PRABHASH\.m2\repository\io\reactivex\rxjava\1.3.8\rxjava-1.3.8.jar;C:\Users\PRABHASH\.m2\repository\com\microsoft\azure\azure-mgmt-storage\1.33.0\azure-mgmt-storage-1.33.0.jar;C:\Users\PRABHASH\.m2\repository\com\microsoft\azure\azure-mgmt-network\1.33.0\azure-mgmt-network-1.33.0.jar;C:\Users\PRABHASH\.m2\repository\com\microsoft\azure\azure-mgmt-compute\1.33.0\azure-mgmt-compute-1.33.0.jar;C:\Users\PRABHASH\.m2\repository\com\google\code\gson\gson\2.8.6\gson-2.8.6.jar;C:\Users\PRABHASH\.m2\repository\com\microsoft\azure\azure-mgmt-graph-rbac\1.33.0\azure-mgmt-graph-rbac-1.33.0.jar;C:\Users\PRABHASH\.m2\repository\com\microsoft\azure\azure-mgmt-keyvault\1.33.0\azure-mgmt-keyvault-1.33.0.jar;C:\Users\PRABHASH\.m2\repository\com\microsoft\azure\azure-keyvault\1.2.2\azure-keyvault-1.2.2.jar;C:\Users\PRABHASH\.m2\repository\com\microsoft\azure\azure-keyvault-cryptography\1.2.2\azure-keyvault-cryptography-1.2.2.jar;C:\Users\PRABHASH\.m2\repository\com\microsoft\azure\azure-keyvault-webkey\1.2.2\azure-keyvault-webkey-1.2.2.jar;C:\Users\PRABHASH\.m2\repository\com\microsoft\azure\azure-mgmt-batch\1.33.0\azure-mgmt-batch-1.33.0.jar;C:\Users\PRABHASH\.m2\repository\com\microsoft\azure\azure-mgmt-trafficmanager\1.33.0\azure-mgmt-trafficmanager-1.33.0.jar;C:\Users\PRABHASH\.m2\repository\com\microsoft\azure\azure-mgmt-dns\1.33.0\azure-mgmt-dns-1.33.0.jar;C:\Users\PRABHASH\.m2\repository\com\microsoft\azure\azure-mgmt-redis\1.33.0\azure-mgmt-redis-1.33.0.jar;C:\Users\PRABHASH\.m2\repository\com\microsoft\azure\azure-mgmt-appservice\1.33.0\azure-mgmt-appservice-1.33.0.jar;C:\Users\PRABHASH\.m2\repository\com\microsoft\azure\azure-storage\8.4.0\azure-storage-8.4.0.jar;C:\Users\PRABHASH\.m2\repository\com\microsoft\azure\azure-keyvault-core\1.0.0\azure-keyvault-core-1.0.0.jar;C:\Users\PRABHASH\.m2\repository\com\microsoft\azure\azure-mgmt-locks\1.33.0\azure-mgmt-locks-1.33.0.jar;C:\Users\PRABHASH\.m2\repository\javax\xml\bind\jaxb-api\2.3.1\jaxb-api-2.3.1.jar;C:\Users\PRABHASH\.m2\repository\javax\activation\javax.activation-api\1.2.0\javax.activation-api-1.2.0.jar;C:\Users\PRABHASH\.m2\repository\com\microsoft\azure\azure-mgmt-eventhub\1.33.0\azure-mgmt-eventhub-1.33.0.jar;C:\Users\PRABHASH\.m2\repository\com\microsoft\azure\azure-mgmt-cdn\1.33.0\azure-mgmt-cdn-1.33.0.jar;C:\Users\PRABHASH\.m2\repository\com\microsoft\azure\azure-mgmt-sql\1.33.0\azure-mgmt-sql-1.33.0.jar;C:\Users\PRABHASH\.m2\repository\com\microsoft\azure\azure-mgmt-containerinstance\1.33.0\azure-mgmt-containerinstance-1.33.0.jar;C:\Users\PRABHASH\.m2\repository\com\microsoft\azure\azure-mgmt-containerregistry\1.33.0\azure-mgmt-containerregistry-1.33.0.jar;C:\Users\PRABHASH\.m2\repository\com\microsoft\azure\azure-mgmt-containerservice\1.33.0\azure-mgmt-containerservice-1.33.0.jar;C:\Users\PRABHASH\.m2\repository\com\microsoft\azure\azure-mgmt-cosmosdb\1.33.0\azure-mgmt-cosmosdb-1.33.0.jar;C:\Users\PRABHASH\.m2\repository\com\microsoft\azure\azure-mgmt-search\1.33.0\azure-mgmt-search-1.33.0.jar;C:\Users\PRABHASH\.m2\repository\com\microsoft\azure\azure-mgmt-msi\1.33.0\azure-mgmt-msi-1.33.0.jar;C:\Users\PRABHASH\.m2\repository\com\microsoft\azure\azure-mgmt-monitor\1.33.0\azure-mgmt-monitor-1.33.0.jar;C:\Users\PRABHASH\.m2\repository\com\microsoft\azure\azure-mgmt-servicebus\1.33.0\azure-mgmt-servicebus-1.33.0.jar;C:\Users\PRABHASH\.m2\repository\com\microsoft\azure\azure-mgmt-batchai\1.33.0\azure-mgmt-batchai-1.33.0.jar;C:\Users\PRABHASH\.m2\repository\net\sf\ehcache\ehcache\2.10.6\ehcache-2.10.6.jar;C:\Users\PRABHASH\.m2\repository\org\slf4j\slf4j-api\1.7.30\slf4j-api-1.7.30.jar;C:\Users\PRABHASH\.m2\repository\javax\cache\cache-api\1.1.1\cache-api-1.1.1.jar;C:\Users\PRABHASH\.m2\repository\org\springframework\boot\spring-boot-starter-cache\2.2.6.RELEASE\spring-boot-starter-cache-2.2.6.RELEASE.jar;C:\Users\PRABHASH\.m2\repository\org\springframework\spring-context-support\5.2.5.RELEASE\spring-context-support-5.2.5.RELEASE.jar;C:\Users\PRABHASH\.m2\repository\com\microsoft\store\partnercenter\1.14.0\partnercenter-1.14.0.jar;C:\Users\PRABHASH\.m2\repository\com\fasterxml\jackson\core\jackson-databind\2.10.3\jackson-databind-2.10.3.jar;C:\Users\PRABHASH\.m2\repository\com\fasterxml\jackson\core\jackson-annotations\2.10.3\jackson-annotations-2.10.3.jar;C:\Users\PRABHASH\.m2\repository\com\fasterxml\jackson\core\jackson-core\2.10.3\jackson-core-2.10.3.jar;C:\Users\PRABHASH\.m2\repository\com\fasterxml\jackson\datatype\jackson-datatype-joda\2.10.3\jackson-datatype-joda-2.10.3.jar;C:\Users\PRABHASH\.m2\repository\com\microsoft\rest\client-runtime\1.6.13\client-runtime-1.6.13.jar;C:\Users\PRABHASH\.m2\repository\com\google\guava\guava\28.2-android\guava-28.2-android.jar;C:\Users\PRABHASH\.m2\repository\com\google\guava\failureaccess\1.0.1\failureaccess-1.0.1.jar;C:\Users\PRABHASH\.m2\repository\com\google\guava\listenablefuture\9999.0-empty-to-avoid-conflict-with-guava\listenablefuture-9999.0-empty-to-avoid-conflict-with-guava.jar;C:\Users\PRABHASH\.m2\repository\com\google\code\findbugs\jsr305\3.0.2\jsr305-3.0.2.jar;C:\Users\PRABHASH\.m2\repository\org\checkerframework\checker-compat-qual\2.5.5\checker-compat-qual-2.5.5.jar;C:\Users\PRABHASH\.m2\repository\com\google\errorprone\error_prone_annotations\2.3.4\error_prone_annotations-2.3.4.jar;C:\Users\PRABHASH\.m2\repository\com\google\j2objc\j2objc-annotations\1.3\j2objc-annotations-1.3.jar;C:\Users\PRABHASH\.m2\repository\com\squareup\retrofit2\retrofit\2.5.0\retrofit-2.5.0.jar;C:\Users\PRABHASH\.m2\repository\com\squareup\okhttp3\okhttp\3.14.7\okhttp-3.14.7.jar;C:\Users\PRABHASH\.m2\repository\com\squareup\okio\okio\1.17.2\okio-1.17.2.jar;C:\Users\PRABHASH\.m2\repository\com\squareup\okhttp3\logging-interceptor\3.14.7\logging-interceptor-3.14.7.jar;C:\Users\PRABHASH\.m2\repository\com\squareup\okhttp3\okhttp-urlconnection\3.14.7\okhttp-urlconnection-3.14.7.jar;C:\Users\PRABHASH\.m2\repository\com\squareup\retrofit2\converter-jackson\2.5.0\converter-jackson-2.5.0.jar;C:\Users\PRABHASH\.m2\repository\org\apache\commons\commons-lang3\3.9\commons-lang3-3.9.jar;C:\Users\PRABHASH\.m2\repository\com\squareup\retrofit2\adapter-rxjava\2.4.0\adapter-rxjava-2.4.0.jar;C:\Users\PRABHASH\.m2\repository\joda-time\joda-time\2.10.5\joda-time-2.10.5.jar;C:\Users\PRABHASH\.m2\repository\com\microsoft\azure\msal4j\1.4.0\msal4j-1.4.0.jar;C:\Users\PRABHASH\.m2\repository\com\nimbusds\oauth2-oidc-sdk\6.5\oauth2-oidc-sdk-6.5.jar;C:\Users\PRABHASH\.m2\repository\com\sun\mail\javax.mail\1.6.1\javax.mail-1.6.1.jar;C:\Users\PRABHASH\.m2\repository\javax\activation\activation\1.1\activation-1.1.jar;C:\Users\PRABHASH\.m2\repository\com\github\stephenc\jcip\jcip-annotations\1.0-1\jcip-annotations-1.0-1.jar;C:\Users\PRABHASH\.m2\repository\net\minidev\json-smart\2.3\json-smart-2.3.jar;C:\Users\PRABHASH\.m2\repository\net\minidev\accessors-smart\1.2\accessors-smart-1.2.jar;C:\Users\PRABHASH\.m2\repository\org\ow2\asm\asm\5.0.4\asm-5.0.4.jar;C:\Users\PRABHASH\.m2\repository\com\nimbusds\lang-tag\1.5\lang-tag-1.5.jar;C:\Users\PRABHASH\.m2\repository\com\nimbusds\nimbus-jose-jwt\8.19\nimbus-jose-jwt-8.19.jar;C:\Users\PRABHASH\.m2\repository\org\json\json\20140107\json-20140107.jar;C:\Users\PRABHASH\.m2\repository\org\springframework\boot\spring-boot-devtools\2.2.6.RELEASE\spring-boot-devtools-2.2.6.RELEASE.jar;C:\Users\PRABHASH\.m2\repository\org\springframework\boot\spring-boot\2.2.6.RELEASE\spring-boot-2.2.6.RELEASE.jar;C:\Users\PRABHASH\.m2\repository\org\springframework\boot\spring-boot-autoconfigure\2.2.6.RELEASE\spring-boot-autoconfigure-2.2.6.RELEASE.jar;C:\Users\PRABHASH\.m2\repository\org\projectlombok\lombok\1.18.12\lombok-1.18.12.jar;C:\Users\PRABHASH\.m2\repository\org\springframework\boot\spring-boot-starter-test\2.2.6.RELEASE\spring-boot-starter-test-2.2.6.RELEASE.jar;C:\Users\PRABHASH\.m2\repository\org\springframework\boot\spring-boot-test\2.2.6.RELEASE\spring-boot-test-2.2.6.RELEASE.jar;C:\Users\PRABHASH\.m2\repository\org\springframework\boot\spring-boot-test-autoconfigure\2.2.6.RELEASE\spring-boot-test-autoconfigure-2.2.6.RELEASE.jar;C:\Users\PRABHASH\.m2\repository\com\jayway\jsonpath\json-path\2.4.0\json-path-2.4.0.jar;C:\Users\PRABHASH\.m2\repository\jakarta\xml\bind\jakarta.xml.bind-api\2.3.3\jakarta.xml.bind-api-2.3.3.jar;C:\Users\PRABHASH\.m2\repository\jakarta\activation\jakarta.activation-api\1.2.2\jakarta.activation-api-1.2.2.jar;C:\Users\PRABHASH\.m2\repository\org\junit\jupiter\junit-jupiter\5.5.2\junit-jupiter-5.5.2.jar;C:\Users\PRABHASH\.m2\repository\org\junit\jupiter\junit-jupiter-api\5.5.2\junit-jupiter-api-5.5.2.jar;C:\Users\PRABHASH\.m2\repository\org\apiguardian\apiguardian-api\1.1.0\apiguardian-api-1.1.0.jar;C:\Users\PRABHASH\.m2\repository\org\opentest4j\opentest4j\1.2.0\opentest4j-1.2.0.jar;C:\Users\PRABHASH\.m2\repository\org\junit\platform\junit-platform-commons\1.5.2\junit-platform-commons-1.5.2.jar;C:\Users\PRABHASH\.m2\repository\org\junit\jupiter\junit-jupiter-params\5.5.2\junit-jupiter-params-5.5.2.jar;C:\Users\PRABHASH\.m2\repository\org\junit\jupiter\junit-jupiter-engine\5.5.2\junit-jupiter-engine-5.5.2.jar;C:\Users\PRABHASH\.m2\repository\org\junit\platform\junit-platform-engine\1.5.2\junit-platform-engine-1.5.2.jar;C:\Users\PRABHASH\.m2\repository\org\mockito\mockito-junit-jupiter\3.1.0\mockito-junit-jupiter-3.1.0.jar;C:\Users\PRABHASH\.m2\repository\org\assertj\assertj-core\3.13.2\assertj-core-3.13.2.jar;C:\Users\PRABHASH\.m2\repository\org\hamcrest\hamcrest\2.1\hamcrest-2.1.jar;C:\Users\PRABHASH\.m2\repository\org\mockito\mockito-core\3.1.0\mockito-core-3.1.0.jar;C:\Users\PRABHASH\.m2\repository\net\bytebuddy\byte-buddy\1.10.8\byte-buddy-1.10.8.jar;C:\Users\PRABHASH\.m2\repository\net\bytebuddy\byte-buddy-agent\1.10.8\byte-buddy-agent-1.10.8.jar;C:\Users\PRABHASH\.m2\repository\org\objenesis\objenesis\2.6\objenesis-2.6.jar;C:\Users\PRABHASH\.m2\repository\org\skyscreamer\jsonassert\1.5.0\jsonassert-1.5.0.jar;C:\Users\PRABHASH\.m2\repository\com\vaadin\external\google\android-json\0.0.20131108.vaadin1\android-json-0.0.20131108.vaadin1.jar;C:\Users\PRABHASH\.m2\repository\org\springframework\spring-core\5.2.5.RELEASE\spring-core-5.2.5.RELEASE.jar;C:\Users\PRABHASH\.m2\repository\org\springframework\spring-jcl\5.2.5.RELEASE\spring-jcl-5.2.5.RELEASE.jar;C:\Users\PRABHASH\.m2\repository\org\springframework\spring-test\5.2.5.RELEASE\spring-test-5.2.5.RELEASE.jar;C:\Users\PRABHASH\.m2\repository\org\xmlunit\xmlunit-core\2.6.4\xmlunit-core-2.6.4.jar;C:\Users\PRABHASH\.m2\repository\org\springframework\security\spring-security-test\5.2.2.RELEASE\spring-security-test-5.2.2.RELEASE.jar;C:\Users\PRABHASH\.m2\repository\org\springframework\security\spring-security-core\5.2.2.RELEASE\spring-security-core-5.2.2.RELEASE.jar;C:\Users\PRABHASH\.m2\repository\org\springframework\security\spring-security-web\5.2.2.RELEASE\spring-security-web-5.2.2.RELEASE.jar;"/>
    <property name="java.vm.vendor" value="Oracle Corporation"/>
    <property name="sun.arch.data.model" value="64"/>
    <property name="user.variant" value=""/>
    <property name="java.vendor.url" value="http://java.oracle.com/"/>
    <property name="user.timezone" value="Asia/Calcutta"/>
    <property name="java.vm.specification.version" value="1.8"/>
    <property name="os.name" value="Windows 7"/>
    <property name="user.country" value="US"/>
    <property name="sun.java.launcher" value="SUN_STANDARD"/>
    <property name="sun.boot.library.path" value="C:\Program Files\Java\jdk1.8.0_131\jre\bin"/>
    <property name="sun.java.command" value="C:\Users\PRABHASH\AppData\Local\Temp\surefire8573334745780772100\surefirebooter5918666567606105653.jar C:\Users\PRABHASH\AppData\Local\Temp\surefire8573334745780772100 2020-07-21T15-56-20_993-jvmRun1 surefire8280007673298681844tmp surefire_06968450189196079197tmp"/>
    <property name="surefire.test.class.path" value="C:\Users\PRABHASH\Desktop\OUTPUT\Azure-Services-master\target\test-classes;C:\Users\PRABHASH\Desktop\OUTPUT\Azure-Services-master\target\classes;C:\Users\PRABHASH\.m2\repository\org\springframework\boot\spring-boot-starter-web\2.2.6.RELEASE\spring-boot-starter-web-2.2.6.RELEASE.jar;C:\Users\PRABHASH\.m2\repository\org\springframework\boot\spring-boot-starter\2.2.6.RELEASE\spring-boot-starter-2.2.6.RELEASE.jar;C:\Users\PRABHASH\.m2\repository\org\springframework\boot\spring-boot-starter-logging\2.2.6.RELEASE\spring-boot-starter-logging-2.2.6.RELEASE.jar;C:\Users\PRABHASH\.m2\repository\ch\qos\logback\logback-classic\1.2.3\logback-classic-1.2.3.jar;C:\Users\PRABHASH\.m2\repository\ch\qos\logback\logback-core\1.2.3\logback-core-1.2.3.jar;C:\Users\PRABHASH\.m2\repository\org\apache\logging\log4j\log4j-to-slf4j\2.12.1\log4j-to-slf4j-2.12.1.jar;C:\Users\PRABHASH\.m2\repository\org\apache\logging\log4j\log4j-api\2.12.1\log4j-api-2.12.1.jar;C:\Users\PRABHASH\.m2\repository\org\slf4j\jul-to-slf4j\1.7.30\jul-to-slf4j-1.7.30.jar;C:\Users\PRABHASH\.m2\repository\jakarta\annotation\jakarta.annotation-api\1.3.5\jakarta.annotation-api-1.3.5.jar;C:\Users\PRABHASH\.m2\repository\org\yaml\snakeyaml\1.25\snakeyaml-1.25.jar;C:\Users\PRABHASH\.m2\repository\org\springframework\boot\spring-boot-starter-json\2.2.6.RELEASE\spring-boot-starter-json-2.2.6.RELEASE.jar;C:\Users\PRABHASH\.m2\repository\com\fasterxml\jackson\datatype\jackson-datatype-jdk8\2.10.3\jackson-datatype-jdk8-2.10.3.jar;C:\Users\PRABHASH\.m2\repository\com\fasterxml\jackson\datatype\jackson-datatype-jsr310\2.10.3\jackson-datatype-jsr310-2.10.3.jar;C:\Users\PRABHASH\.m2\repository\com\fasterxml\jackson\module\jackson-module-parameter-names\2.10.3\jackson-module-parameter-names-2.10.3.jar;C:\Users\PRABHASH\.m2\repository\org\springframework\boot\spring-boot-starter-tomcat\2.2.6.RELEASE\spring-boot-starter-tomcat-2.2.6.RELEASE.jar;C:\Users\PRABHASH\.m2\repository\org\apache\tomcat\embed\tomcat-embed-core\9.0.33\tomcat-embed-core-9.0.33.jar;C:\Users\PRABHASH\.m2\repository\org\apache\tomcat\embed\tomcat-embed-el\9.0.33\tomcat-embed-el-9.0.33.jar;C:\Users\PRABHASH\.m2\repository\org\apache\tomcat\embed\tomcat-embed-websocket\9.0.33\tomcat-embed-websocket-9.0.33.jar;C:\Users\PRABHASH\.m2\repository\org\springframework\boot\spring-boot-starter-validation\2.2.6.RELEASE\spring-boot-starter-validation-2.2.6.RELEASE.jar;C:\Users\PRABHASH\.m2\repository\jakarta\validation\jakarta.validation-api\2.0.2\jakarta.validation-api-2.0.2.jar;C:\Users\PRABHASH\.m2\repository\org\hibernate\validator\hibernate-validator\6.0.18.Final\hibernate-validator-6.0.18.Final.jar;C:\Users\PRABHASH\.m2\repository\org\jboss\logging\jboss-logging\3.4.1.Final\jboss-logging-3.4.1.Final.jar;C:\Users\PRABHASH\.m2\repository\com\fasterxml\classmate\1.5.1\classmate-1.5.1.jar;C:\Users\PRABHASH\.m2\repository\org\springframework\spring-web\5.2.5.RELEASE\spring-web-5.2.5.RELEASE.jar;C:\Users\PRABHASH\.m2\repository\org\springframework\spring-beans\5.2.5.RELEASE\spring-beans-5.2.5.RELEASE.jar;C:\Users\PRABHASH\.m2\repository\org\springframework\spring-webmvc\5.2.5.RELEASE\spring-webmvc-5.2.5.RELEASE.jar;C:\Users\PRABHASH\.m2\repository\org\springframework\spring-aop\5.2.5.RELEASE\spring-aop-5.2.5.RELEASE.jar;C:\Users\PRABHASH\.m2\repository\org\springframework\spring-context\5.2.5.RELEASE\spring-context-5.2.5.RELEASE.jar;C:\Users\PRABHASH\.m2\repository\org\springframework\spring-expression\5.2.5.RELEASE\spring-expression-5.2.5.RELEASE.jar;C:\Users\PRABHASH\.m2\repository\org\apache\httpcomponents\httpclient\4.5.12\httpclient-4.5.12.jar;C:\Users\PRABHASH\.m2\repository\org\apache\httpcomponents\httpcore\4.4.13\httpcore-4.4.13.jar;C:\Users\PRABHASH\.m2\repository\commons-codec\commons-codec\1.13\commons-codec-1.13.jar;C:\Users\PRABHASH\.m2\repository\com\microsoft\azure\azure\1.33.0\azure-1.33.0.jar;C:\Users\PRABHASH\.m2\repository\com\microsoft\azure\azure-client-runtime\1.7.0\azure-client-runtime-1.7.0.jar;C:\Users\PRABHASH\.m2\repository\com\microsoft\azure\azure-client-authentication\1.6.13\azure-client-authentication-1.6.13.jar;C:\Users\PRABHASH\.m2\repository\com\microsoft\azure\adal4j\1.6.4\adal4j-1.6.4.jar;C:\Users\PRABHASH\.m2\repository\com\microsoft\azure\azure-annotations\1.7.0\azure-annotations-1.7.0.jar;C:\Users\PRABHASH\.m2\repository\com\microsoft\azure\azure-mgmt-resources\1.33.0\azure-mgmt-resources-1.33.0.jar;C:\Users\PRABHASH\.m2\repository\io\reactivex\rxjava\1.3.8\rxjava-1.3.8.jar;C:\Users\PRABHASH\.m2\repository\com\microsoft\azure\azure-mgmt-storage\1.33.0\azure-mgmt-storage-1.33.0.jar;C:\Users\PRABHASH\.m2\repository\com\microsoft\azure\azure-mgmt-network\1.33.0\azure-mgmt-network-1.33.0.jar;C:\Users\PRABHASH\.m2\repository\com\microsoft\azure\azure-mgmt-compute\1.33.0\azure-mgmt-compute-1.33.0.jar;C:\Users\PRABHASH\.m2\repository\com\google\code\gson\gson\2.8.6\gson-2.8.6.jar;C:\Users\PRABHASH\.m2\repository\com\microsoft\azure\azure-mgmt-graph-rbac\1.33.0\azure-mgmt-graph-rbac-1.33.0.jar;C:\Users\PRABHASH\.m2\repository\com\microsoft\azure\azure-mgmt-keyvault\1.33.0\azure-mgmt-keyvault-1.33.0.jar;C:\Users\PRABHASH\.m2\repository\com\microsoft\azure\azure-keyvault\1.2.2\azure-keyvault-1.2.2.jar;C:\Users\PRABHASH\.m2\repository\com\microsoft\azure\azure-keyvault-cryptography\1.2.2\azure-keyvault-cryptography-1.2.2.jar;C:\Users\PRABHASH\.m2\repository\com\microsoft\azure\azure-keyvault-webkey\1.2.2\azure-keyvault-webkey-1.2.2.jar;C:\Users\PRABHASH\.m2\repository\com\microsoft\azure\azure-mgmt-batch\1.33.0\azure-mgmt-batch-1.33.0.jar;C:\Users\PRABHASH\.m2\repository\com\microsoft\azure\azure-mgmt-trafficmanager\1.33.0\azure-mgmt-trafficmanager-1.33.0.jar;C:\Users\PRABHASH\.m2\repository\com\microsoft\azure\azure-mgmt-dns\1.33.0\azure-mgmt-dns-1.33.0.jar;C:\Users\PRABHASH\.m2\repository\com\microsoft\azure\azure-mgmt-redis\1.33.0\azure-mgmt-redis-1.33.0.jar;C:\Users\PRABHASH\.m2\repository\com\microsoft\azure\azure-mgmt-appservice\1.33.0\azure-mgmt-appservice-1.33.0.jar;C:\Users\PRABHASH\.m2\repository\com\microsoft\azure\azure-storage\8.4.0\azure-storage-8.4.0.jar;C:\Users\PRABHASH\.m2\repository\com\microsoft\azure\azure-keyvault-core\1.0.0\azure-keyvault-core-1.0.0.jar;C:\Users\PRABHASH\.m2\repository\com\microsoft\azure\azure-mgmt-locks\1.33.0\azure-mgmt-locks-1.33.0.jar;C:\Users\PRABHASH\.m2\repository\javax\xml\bind\jaxb-api\2.3.1\jaxb-api-2.3.1.jar;C:\Users\PRABHASH\.m2\repository\javax\activation\javax.activation-api\1.2.0\javax.activation-api-1.2.0.jar;C:\Users\PRABHASH\.m2\repository\com\microsoft\azure\azure-mgmt-eventhub\1.33.0\azure-mgmt-eventhub-1.33.0.jar;C:\Users\PRABHASH\.m2\repository\com\microsoft\azure\azure-mgmt-cdn\1.33.0\azure-mgmt-cdn-1.33.0.jar;C:\Users\PRABHASH\.m2\repository\com\microsoft\azure\azure-mgmt-sql\1.33.0\azure-mgmt-sql-1.33.0.jar;C:\Users\PRABHASH\.m2\repository\com\microsoft\azure\azure-mgmt-containerinstance\1.33.0\azure-mgmt-containerinstance-1.33.0.jar;C:\Users\PRABHASH\.m2\repository\com\microsoft\azure\azure-mgmt-containerregistry\1.33.0\azure-mgmt-containerregistry-1.33.0.jar;C:\Users\PRABHASH\.m2\repository\com\microsoft\azure\azure-mgmt-containerservice\1.33.0\azure-mgmt-containerservice-1.33.0.jar;C:\Users\PRABHASH\.m2\repository\com\microsoft\azure\azure-mgmt-cosmosdb\1.33.0\azure-mgmt-cosmosdb-1.33.0.jar;C:\Users\PRABHASH\.m2\repository\com\microsoft\azure\azure-mgmt-search\1.33.0\azure-mgmt-search-1.33.0.jar;C:\Users\PRABHASH\.m2\repository\com\microsoft\azure\azure-mgmt-msi\1.33.0\azure-mgmt-msi-1.33.0.jar;C:\Users\PRABHASH\.m2\repository\com\microsoft\azure\azure-mgmt-monitor\1.33.0\azure-mgmt-monitor-1.33.0.jar;C:\Users\PRABHASH\.m2\repository\com\microsoft\azure\azure-mgmt-servicebus\1.33.0\azure-mgmt-servicebus-1.33.0.jar;C:\Users\PRABHASH\.m2\repository\com\microsoft\azure\azure-mgmt-batchai\1.33.0\azure-mgmt-batchai-1.33.0.jar;C:\Users\PRABHASH\.m2\repository\net\sf\ehcache\ehcache\2.10.6\ehcache-2.10.6.jar;C:\Users\PRABHASH\.m2\repository\org\slf4j\slf4j-api\1.7.30\slf4j-api-1.7.30.jar;C:\Users\PRABHASH\.m2\repository\javax\cache\cache-api\1.1.1\cache-api-1.1.1.jar;C:\Users\PRABHASH\.m2\repository\org\springframework\boot\spring-boot-starter-cache\2.2.6.RELEASE\spring-boot-starter-cache-2.2.6.RELEASE.jar;C:\Users\PRABHASH\.m2\repository\org\springframework\spring-context-support\5.2.5.RELEASE\spring-context-support-5.2.5.RELEASE.jar;C:\Users\PRABHASH\.m2\repository\com\microsoft\store\partnercenter\1.14.0\partnercenter-1.14.0.jar;C:\Users\PRABHASH\.m2\repository\com\fasterxml\jackson\core\jackson-databind\2.10.3\jackson-databind-2.10.3.jar;C:\Users\PRABHASH\.m2\repository\com\fasterxml\jackson\core\jackson-annotations\2.10.3\jackson-annotations-2.10.3.jar;C:\Users\PRABHASH\.m2\repository\com\fasterxml\jackson\core\jackson-core\2.10.3\jackson-core-2.10.3.jar;C:\Users\PRABHASH\.m2\repository\com\fasterxml\jackson\datatype\jackson-datatype-joda\2.10.3\jackson-datatype-joda-2.10.3.jar;C:\Users\PRABHASH\.m2\repository\com\microsoft\rest\client-runtime\1.6.13\client-runtime-1.6.13.jar;C:\Users\PRABHASH\.m2\repository\com\google\guava\guava\28.2-android\guava-28.2-android.jar;C:\Users\PRABHASH\.m2\repository\com\google\guava\failureaccess\1.0.1\failureaccess-1.0.1.jar;C:\Users\PRABHASH\.m2\repository\com\google\guava\listenablefuture\9999.0-empty-to-avoid-conflict-with-guava\listenablefuture-9999.0-empty-to-avoid-conflict-with-guava.jar;C:\Users\PRABHASH\.m2\repository\com\google\code\findbugs\jsr305\3.0.2\jsr305-3.0.2.jar;C:\Users\PRABHASH\.m2\repository\org\checkerframework\checker-compat-qual\2.5.5\checker-compat-qual-2.5.5.jar;C:\Users\PRABHASH\.m2\repository\com\google\errorprone\error_prone_annotations\2.3.4\error_prone_annotations-2.3.4.jar;C:\Users\PRABHASH\.m2\repository\com\google\j2objc\j2objc-annotations\1.3\j2objc-annotations-1.3.jar;C:\Users\PRABHASH\.m2\repository\com\squareup\retrofit2\retrofit\2.5.0\retrofit-2.5.0.jar;C:\Users\PRABHASH\.m2\repository\com\squareup\okhttp3\okhttp\3.14.7\okhttp-3.14.7.jar;C:\Users\PRABHASH\.m2\repository\com\squareup\okio\okio\1.17.2\okio-1.17.2.jar;C:\Users\PRABHASH\.m2\repository\com\squareup\okhttp3\logging-interceptor\3.14.7\logging-interceptor-3.14.7.jar;C:\Users\PRABHASH\.m2\repository\com\squareup\okhttp3\okhttp-urlconnection\3.14.7\okhttp-urlconnection-3.14.7.jar;C:\Users\PRABHASH\.m2\repository\com\squareup\retrofit2\converter-jackson\2.5.0\converter-jackson-2.5.0.jar;C:\Users\PRABHASH\.m2\repository\org\apache\commons\commons-lang3\3.9\commons-lang3-3.9.jar;C:\Users\PRABHASH\.m2\repository\com\squareup\retrofit2\adapter-rxjava\2.4.0\adapter-rxjava-2.4.0.jar;C:\Users\PRABHASH\.m2\repository\joda-time\joda-time\2.10.5\joda-time-2.10.5.jar;C:\Users\PRABHASH\.m2\repository\com\microsoft\azure\msal4j\1.4.0\msal4j-1.4.0.jar;C:\Users\PRABHASH\.m2\repository\com\nimbusds\oauth2-oidc-sdk\6.5\oauth2-oidc-sdk-6.5.jar;C:\Users\PRABHASH\.m2\repository\com\sun\mail\javax.mail\1.6.1\javax.mail-1.6.1.jar;C:\Users\PRABHASH\.m2\repository\javax\activation\activation\1.1\activation-1.1.jar;C:\Users\PRABHASH\.m2\repository\com\github\stephenc\jcip\jcip-annotations\1.0-1\jcip-annotations-1.0-1.jar;C:\Users\PRABHASH\.m2\repository\net\minidev\json-smart\2.3\json-smart-2.3.jar;C:\Users\PRABHASH\.m2\repository\net\minidev\accessors-smart\1.2\accessors-smart-1.2.jar;C:\Users\PRABHASH\.m2\repository\org\ow2\asm\asm\5.0.4\asm-5.0.4.jar;C:\Users\PRABHASH\.m2\repository\com\nimbusds\lang-tag\1.5\lang-tag-1.5.jar;C:\Users\PRABHASH\.m2\repository\com\nimbusds\nimbus-jose-jwt\8.19\nimbus-jose-jwt-8.19.jar;C:\Users\PRABHASH\.m2\repository\org\json\json\20140107\json-20140107.jar;C:\Users\PRABHASH\.m2\repository\org\springframework\boot\spring-boot-devtools\2.2.6.RELEASE\spring-boot-devtools-2.2.6.RELEASE.jar;C:\Users\PRABHASH\.m2\repository\org\springframework\boot\spring-boot\2.2.6.RELEASE\spring-boot-2.2.6.RELEASE.jar;C:\Users\PRABHASH\.m2\repository\org\springframework\boot\spring-boot-autoconfigure\2.2.6.RELEASE\spring-boot-autoconfigure-2.2.6.RELEASE.jar;C:\Users\PRABHASH\.m2\repository\org\projectlombok\lombok\1.18.12\lombok-1.18.12.jar;C:\Users\PRABHASH\.m2\repository\org\springframework\boot\spring-boot-starter-test\2.2.6.RELEASE\spring-boot-starter-test-2.2.6.RELEASE.jar;C:\Users\PRABHASH\.m2\repository\org\springframework\boot\spring-boot-test\2.2.6.RELEASE\spring-boot-test-2.2.6.RELEASE.jar;C:\Users\PRABHASH\.m2\repository\org\springframework\boot\spring-boot-test-autoconfigure\2.2.6.RELEASE\spring-boot-test-autoconfigure-2.2.6.RELEASE.jar;C:\Users\PRABHASH\.m2\repository\com\jayway\jsonpath\json-path\2.4.0\json-path-2.4.0.jar;C:\Users\PRABHASH\.m2\repository\jakarta\xml\bind\jakarta.xml.bind-api\2.3.3\jakarta.xml.bind-api-2.3.3.jar;C:\Users\PRABHASH\.m2\repository\jakarta\activation\jakarta.activation-api\1.2.2\jakarta.activation-api-1.2.2.jar;C:\Users\PRABHASH\.m2\repository\org\junit\jupiter\junit-jupiter\5.5.2\junit-jupiter-5.5.2.jar;C:\Users\PRABHASH\.m2\repository\org\junit\jupiter\junit-jupiter-api\5.5.2\junit-jupiter-api-5.5.2.jar;C:\Users\PRABHASH\.m2\repository\org\apiguardian\apiguardian-api\1.1.0\apiguardian-api-1.1.0.jar;C:\Users\PRABHASH\.m2\repository\org\opentest4j\opentest4j\1.2.0\opentest4j-1.2.0.jar;C:\Users\PRABHASH\.m2\repository\org\junit\platform\junit-platform-commons\1.5.2\junit-platform-commons-1.5.2.jar;C:\Users\PRABHASH\.m2\repository\org\junit\jupiter\junit-jupiter-params\5.5.2\junit-jupiter-params-5.5.2.jar;C:\Users\PRABHASH\.m2\repository\org\junit\jupiter\junit-jupiter-engine\5.5.2\junit-jupiter-engine-5.5.2.jar;C:\Users\PRABHASH\.m2\repository\org\junit\platform\junit-platform-engine\1.5.2\junit-platform-engine-1.5.2.jar;C:\Users\PRABHASH\.m2\repository\org\mockito\mockito-junit-jupiter\3.1.0\mockito-junit-jupiter-3.1.0.jar;C:\Users\PRABHASH\.m2\repository\org\assertj\assertj-core\3.13.2\assertj-core-3.13.2.jar;C:\Users\PRABHASH\.m2\repository\org\hamcrest\hamcrest\2.1\hamcrest-2.1.jar;C:\Users\PRABHASH\.m2\repository\org\mockito\mockito-core\3.1.0\mockito-core-3.1.0.jar;C:\Users\PRABHASH\.m2\repository\net\bytebuddy\byte-buddy\1.10.8\byte-buddy-1.10.8.jar;C:\Users\PRABHASH\.m2\repository\net\bytebuddy\byte-buddy-agent\1.10.8\byte-buddy-agent-1.10.8.jar;C:\Users\PRABHASH\.m2\repository\org\objenesis\objenesis\2.6\objenesis-2.6.jar;C:\Users\PRABHASH\.m2\repository\org\skyscreamer\jsonassert\1.5.0\jsonassert-1.5.0.jar;C:\Users\PRABHASH\.m2\repository\com\vaadin\external\google\android-json\0.0.20131108.vaadin1\android-json-0.0.20131108.vaadin1.jar;C:\Users\PRABHASH\.m2\repository\org\springframework\spring-core\5.2.5.RELEASE\spring-core-5.2.5.RELEASE.jar;C:\Users\PRABHASH\.m2\repository\org\springframework\spring-jcl\5.2.5.RELEASE\spring-jcl-5.2.5.RELEASE.jar;C:\Users\PRABHASH\.m2\repository\org\springframework\spring-test\5.2.5.RELEASE\spring-test-5.2.5.RELEASE.jar;C:\Users\PRABHASH\.m2\repository\org\xmlunit\xmlunit-core\2.6.4\xmlunit-core-2.6.4.jar;C:\Users\PRABHASH\.m2\repository\org\springframework\security\spring-security-test\5.2.2.RELEASE\spring-security-test-5.2.2.RELEASE.jar;C:\Users\PRABHASH\.m2\repository\org\springframework\security\spring-security-core\5.2.2.RELEASE\spring-security-core-5.2.2.RELEASE.jar;C:\Users\PRABHASH\.m2\repository\org\springframework\security\spring-security-web\5.2.2.RELEASE\spring-security-web-5.2.2.RELEASE.jar;"/>
    <property name="sun.cpu.endian" value="little"/>
    <property name="user.home" value="C:\Users\PRABHASH"/>
    <property name="user.language" value="en"/>
    <property name="java.specification.vendor" value="Oracle Corporation"/>
    <property name="java.home" value="C:\Program Files\Java\jdk1.8.0_131\jre"/>
    <property name="basedir" value="C:\Users\PRABHASH\Desktop\OUTPUT\Azure-Services-master"/>
    <property name="style.color" value="always"/>
    <property name="file.separator" value="\"/>
    <property name="line.separator" value="&#10;"/>
    <property name="java.vm.specification.vendor" value="Oracle Corporation"/>
    <property name="java.specification.name" value="Java Platform API Specification"/>
    <property name="java.awt.graphicsenv" value="sun.awt.Win32GraphicsEnvironment"/>
    <property name="surefire.real.class.path" value="C:\Users\PRABHASH\AppData\Local\Temp\surefire8573334745780772100\surefirebooter5918666567606105653.jar"/>
    <property name="sun.boot.class.path" value="C:\Program Files\Java\jdk1.8.0_131\jre\lib\resources.jar;C:\Program Files\Java\jdk1.8.0_131\jre\lib\rt.jar;C:\Program Files\Java\jdk1.8.0_131\jre\lib\sunrsasign.jar;C:\Program Files\Java\jdk1.8.0_131\jre\lib\jsse.jar;C:\Program Files\Java\jdk1.8.0_131\jre\lib\jce.jar;C:\Program Files\Java\jdk1.8.0_131\jre\lib\charsets.jar;C:\Program Files\Java\jdk1.8.0_131\jre\lib\jfr.jar;C:\Program Files\Java\jdk1.8.0_131\jre\classes"/>
    <property name="user.script" value=""/>
    <property name="sun.management.compiler" value="HotSpot 64-Bit Tiered Compilers"/>
    <property name="java.runtime.version" value="1.8.0_131-b11"/>
    <property name="user.name" value="PRABHASH"/>
    <property name="path.separator" value=";"/>
    <property name="os.version" value="6.1"/>
    <property name="java.endorsed.dirs" value="C:\Program Files\Java\jdk1.8.0_131\jre\lib\endorsed"/>
    <property name="java.runtime.name" value="Java(TM) SE Runtime Environment"/>
    <property name="file.encoding" value="Cp1252"/>
    <property name="java.vm.name" value="Java HotSpot(TM) 64-Bit Server VM"/>
    <property name="localRepository" value="C:\Users\PRABHASH\.m2\repository"/>
    <property name="java.vendor.url.bug" value="http://bugreport.sun.com/bugreport/"/>
    <property name="java.io.tmpdir" value="C:\Users\PRABHASH\AppData\Local\Temp\"/>
    <property name="java.version" value="1.8.0_131"/>
    <property name="user.dir" value="C:\Users\PRABHASH\Desktop\OUTPUT\Azure-Services-master"/>
    <property name="os.arch" value="amd64"/>
    <property name="java.vm.specification.name" value="Java Virtual Machine Specification"/>
    <property name="java.awt.printerjob" value="sun.awt.windows.WPrinterJob"/>
    <property name="sun.os.patch.level" value="Service Pack 1"/>
    <property name="java.library.path" value="C:\Program Files\Java\jdk1.8.0_131\jre\bin;C:\Windows\Sun\Java\bin;C:\Windows\system32;C:\Windows;C:\Program Files (x86)\Microsoft SDKs\Azure\CLI2\wbin;C:\oraclexe\app\oracle\product\11.2.0\server\bin;;C:\ProgramData\Oracle\Java\javapath;C:\oraclexe\app\oracle\product\11.2.0\server\bin;C:\oraclexe\app\oracle\product\11.2.0\server\bin;E:\apache-maven-3.3.9\bin;C:\Program Files\Java\jdk1.8.0_131\bin; C:\ProgramData\Oracle\Java\javapath;C:\Windows\system32;C:\Windows;C:\Windows\System32\Wbem;C:\Windows\System32\WindowsPowerShell\v1.0\;C:\Tomcat6;\bin;C:\Program Files\Git\cmd;C:\Program Files\ibm\gsk8\lib64;C:\Program Files (x86)\ibm\gsk8\lib;C:\Program Files\Java\jdk1.8.0_131\bin;C:\Windows\System32\WindowsPowerShell\v1.0\;C:\Program Files\PowerShell\7\;C:\Program Files (x86)\Microsoft VS Code\bin;C:\Program Files\nodejs\;;C:\Program Files (x86)\Microsoft VS Code\bin;C:\Users\PRABHASH\AppData\Roaming\npm;."/>
    <property name="java.vm.info" value="mixed mode"/>
    <property name="java.vendor" value="Oracle Corporation"/>
    <property name="java.vm.version" value="25.131-b11"/>
    <property name="java.ext.dirs" value="C:\Program Files\Java\jdk1.8.0_131\jre\lib\ext;C:\Windows\Sun\Java\lib\ext"/>
    <property name="sun.io.unicode.encoding" value="UnicodeLittle"/>
    <property name="java.class.version" value="52.0"/>
  </properties>
  <testcase name="contextLoads" classname="com.vodafone.azuremigration.migration.AzureServicesApplicationTests" time="0.815"/>
</testsuite>